<?xml version="1.0" encoding="UTF-8"?>
<!-- Generated by org.testng.reporters.JUnitReportReporter -->
<testsuite skipped="0" hostname="DESKTOP-TH46MOG" name="com.auotomatedtester.qa.TC002_Chapter1_ValidateText" tests="1" failures="0" timestamp="12 sep 2020 17:19:55 GMT" time="6.400" errors="0">
  <testcase name="TC002" time="6.400" classname="com.auotomatedtester.qa.TC002_Chapter1_ValidateText"/>
</testsuite> <!-- com.auotomatedtester.qa.TC002_Chapter1_ValidateText -->
