<?xml version="1.0" encoding="UTF-8"?>
<!-- Generated by org.testng.reporters.JUnitReportReporter -->
<testsuite skipped="0" hostname="DESKTOP-TH46MOG" name="com.auotomatedtester.qa.TC003_Chapter1_ValidateButtonLoadPage" tests="1" failures="0" timestamp="12 sep 2020 17:19:55 GMT" time="9.497" errors="0">
  <testcase name="TC003" time="9.497" classname="com.auotomatedtester.qa.TC003_Chapter1_ValidateButtonLoadPage"/>
</testsuite> <!-- com.auotomatedtester.qa.TC003_Chapter1_ValidateButtonLoadPage -->
