<?xml version="1.0" encoding="UTF-8"?>
<!-- Generated by org.testng.reporters.JUnitReportReporter -->
<testsuite skipped="0" hostname="DESKTOP-TH46MOG" name="com.auotomatedtester.qa.TC001_Chapter1_ValidateDropdown" tests="1" failures="0" timestamp="08 sep 2020 05:36:50 GMT" time="7.992" errors="0">
  <testcase name="TC001" time="7.992" classname="com.auotomatedtester.qa.TC001_Chapter1_ValidateDropdown"/>
</testsuite> <!-- com.auotomatedtester.qa.TC001_Chapter1_ValidateDropdown -->
